<?xml version="1.0" encoding="UTF-8"?>
<testsuite xmlns:xsi="http://www.w3.org/2001/XMLSchema-instance" xsi:noNamespaceSchemaLocation="https://maven.apache.org/surefire/maven-surefire-plugin/xsd/surefire-test-report.xsd" name="helpers.TestRunner" time="18.92" tests="28" errors="0" skipped="0" failures="0">
  <properties>
[...]
</properties>
  <testcase name="Given user type &quot;https://www.saucedemo.com/&quot; in address bar" classname="|  |  | Epic sadface: Username is required |" time="0.003"/>
  <testcase name="Then Sauce Demo web will displayed" classname="|  |  | Epic sadface: Username is required |" time="0"/>
  <testcase name="Given user input username &quot;&quot;" classname="|  |  | Epic sadface: Username is required |" time="0"/>
  <testcase name="And user input password &quot;&quot;" classname="|  |  | Epic sadface: Username is required |" time="0"/>
  <testcase name="And user click Login button" classname="|  |  | Epic sadface: Username is required |" time="0"/>
  <testcase name="Then warning message appear &quot;Epic sadface: Username is required&quot;" classname="|  |  | Epic sadface: Username is required |" time="0"/>
  <testcase name="|  |  | Epic sadface: Username is required |" classname="|  |  | Epic sadface: Username is required |" time="0.631"/>
  <testcase name="Given user type &quot;https://www.saucedemo.com/&quot; in address bar" classname="| standard_user |  | Epic sadface: Password is required |" time="0"/>
  <testcase name="Then Sauce Demo web will displayed" classname="| standard_user |  | Epic sadface: Password is required |" time="0"/>
  <testcase name="Given user input username &quot;standard_user&quot;" classname="| standard_user |  | Epic sadface: Password is required |" time="0"/>
  <testcase name="And user input password &quot;&quot;" classname="| standard_user |  | Epic sadface: Password is required |" time="0"/>
  <testcase name="And user click Login button" classname="| standard_user |  | Epic sadface: Password is required |" time="0"/>
  <testcase name="Then warning message appear &quot;Epic sadface: Password is required&quot;" classname="| standard_user |  | Epic sadface: Password is required |" time="0"/>
  <testcase name="| standard_user |  | Epic sadface: Password is required |" classname="| standard_user |  | Epic sadface: Password is required |" time="0.658"/>
  <testcase name="Given user type &quot;https://www.saucedemo.com/&quot; in address bar" classname="|  | secret_sauce | Epic sadface: Username is required |" time="0"/>
  <testcase name="Then Sauce Demo web will displayed" classname="|  | secret_sauce | Epic sadface: Username is required |" time="0"/>
  <testcase name="Given user input username &quot;&quot;" classname="|  | secret_sauce | Epic sadface: Username is required |" time="0"/>
  <testcase name="And user input password &quot;secret_sauce&quot;" classname="|  | secret_sauce | Epic sadface: Username is required |" time="0"/>
  <testcase name="And user click Login button" classname="|  | secret_sauce | Epic sadface: Username is required |" time="0"/>
  <testcase name="Then warning message appear &quot;Epic sadface: Username is required&quot;" classname="|  | secret_sauce | Epic sadface: Username is required |" time="0"/>
  <testcase name="|  | secret_sauce | Epic sadface: Username is required |" classname="|  | secret_sauce | Epic sadface: Username is required |" time="0.623"/>
  <testcase name="Given user type &quot;https://www.saucedemo.com/&quot; in address bar" classname="| standarduser | secretsauce | Epic sadface: Username and password do not match any user in this service |" time="0"/>
  <testcase name="Then Sauce Demo web will displayed" classname="| standarduser | secretsauce | Epic sadface: Username and password do not match any user in this service |" time="0"/>
  <testcase name="Given user input username &quot;standarduser&quot;" classname="| standarduser | secretsauce | Epic sadface: Username and password do not match any user in this service |" time="0.001"/>
  <testcase name="And user input password &quot;secretsauce&quot;" classname="| standarduser | secretsauce | Epic sadface: Username and password do not match any user in this service |" time="0"/>
  <testcase name="And user click Login button" classname="| standarduser | secretsauce | Epic sadface: Username and password do not match any user in this service |" time="0"/>
  <testcase name="Then warning message appear &quot;Epic sadface: Username and password do not match any user in this service&quot;" classname="| standarduser | secretsauce | Epic sadface: Username and password do not match any user in this service |" time="0"/>
  <testcase name="| standarduser | secretsauce | Epic sadface: Username and password do not match any user in this service |" classname="| standarduser | secretsauce | Epic sadface: Username and password do not match any user in this service |" time="0.62"/>
</testsuite>